2023-10-30 04:35:37,861 - Process 'p1', PID: <Process name='Process-1' parent=10288 initial> created
2023-10-30 04:35:37,861 - Process: 'p1', PID: 10288 running
2023-10-30 04:36:20,847 - Thread 't1' created
2023-10-30 04:36:25,259 - Process 'p2', PID: <Process name='Process-2' parent=10288 initial> created
2023-10-30 04:36:25,259 - Process: 'p2', PID: 10288 running
2023-10-30 04:36:28,855 - Thread 't2' created
2023-10-30 04:36:35,132 - Process: p1, PID: 10288, Parent PID: 9004, State: running
2023-10-30 04:36:35,143 - Process: p2, PID: 10288, Parent PID: 9004, State: running
2023-10-30 04:38:40,149 - Message sent: test
2023-10-30 04:38:40,919 - Received message: test
2023-10-30 04:40:51,928 - Produced Item 0, Buffer: ['Item 0']
2023-10-30 04:40:51,928 - Produced Item 0, Buffer: ['Item 0', 'Item 0']
2023-10-30 04:40:51,929 - Consumed Item 0, Buffer: ['Item 0']
2023-10-30 04:40:51,929 - Consumed Item 0, Buffer: []
2023-10-30 04:40:52,043 - Produced Item 1, Buffer: ['Item 1']
2023-10-30 04:40:52,066 - Consumed Item 1, Buffer: []
2023-10-30 04:40:52,178 - Produced Item 1, Buffer: ['Item 1']
2023-10-30 04:40:52,277 - Consumed Item 1, Buffer: []
2023-10-30 04:40:52,311 - Produced Item 2, Buffer: ['Item 2']
2023-10-30 04:40:52,346 - Produced Item 2, Buffer: ['Item 2', 'Item 2']
2023-10-30 04:40:52,445 - Produced Item 3, Buffer: ['Item 2', 'Item 2', 'Item 3']
2023-10-30 04:40:52,448 - Consumed Item 2, Buffer: ['Item 2', 'Item 3']
2023-10-30 04:40:52,565 - Produced Item 4, Buffer: ['Item 2', 'Item 3', 'Item 4']
2023-10-30 04:40:52,627 - Produced Item 3, Buffer: ['Item 2', 'Item 3', 'Item 4', 'Item 3']
2023-10-30 04:40:52,727 - Consumed Item 2, Buffer: ['Item 3', 'Item 4', 'Item 3']
2023-10-30 04:40:52,758 - Produced Item 5, Buffer: ['Item 3', 'Item 4', 'Item 3', 'Item 5']
2023-10-30 04:40:52,870 - Produced Item 6, Buffer: ['Item 3', 'Item 4', 'Item 3', 'Item 5', 'Item 6']
2023-10-30 04:40:52,896 - Consumed Item 3, Buffer: ['Item 4', 'Item 3', 'Item 5', 'Item 6']
2023-10-30 04:40:52,946 - Produced Item 4, Buffer: ['Item 4', 'Item 3', 'Item 5', 'Item 6', 'Item 4']
2023-10-30 04:40:53,111 - Consumed Item 4, Buffer: ['Item 3', 'Item 5', 'Item 6', 'Item 4']
2023-10-30 04:40:53,204 - Consumed Item 3, Buffer: ['Item 5', 'Item 6', 'Item 4']
2023-10-30 04:40:53,293 - Produced Item 5, Buffer: ['Item 5', 'Item 6', 'Item 4', 'Item 5']
2023-10-30 04:40:53,295 - Produced Item 7, Buffer: ['Item 5', 'Item 6', 'Item 4', 'Item 5', 'Item 7']
2023-10-30 04:40:53,363 - Consumed Item 5, Buffer: ['Item 6', 'Item 4', 'Item 5', 'Item 7']
2023-10-30 04:40:53,432 - Produced Item 8, Buffer: ['Item 6', 'Item 4', 'Item 5', 'Item 7', 'Item 8']
2023-10-30 04:40:53,652 - Consumed Item 6, Buffer: ['Item 4', 'Item 5', 'Item 7', 'Item 8']
2023-10-30 04:40:53,652 - Produced Item 6, Buffer: ['Item 4', 'Item 5', 'Item 7', 'Item 8', 'Item 6']
2023-10-30 04:40:53,753 - Consumed Item 4, Buffer: ['Item 5', 'Item 7', 'Item 8', 'Item 6']
2023-10-30 04:40:53,853 - Produced Item 9, Buffer: ['Item 5', 'Item 7', 'Item 8', 'Item 6', 'Item 9']
2023-10-30 04:40:53,917 - Consumed Item 5, Buffer: ['Item 7', 'Item 8', 'Item 6', 'Item 9']
2023-10-30 04:40:53,917 - Produced Item 7, Buffer: ['Item 7', 'Item 8', 'Item 6', 'Item 9', 'Item 7']
2023-10-30 04:40:53,972 - Consumed Item 7, Buffer: ['Item 8', 'Item 6', 'Item 9', 'Item 7']
2023-10-30 04:40:54,175 - Consumed Item 8, Buffer: ['Item 6', 'Item 9', 'Item 7']
2023-10-30 04:40:54,197 - Consumed Item 6, Buffer: ['Item 9', 'Item 7']
2023-10-30 04:40:54,363 - Produced Item 8, Buffer: ['Item 9', 'Item 7', 'Item 8']
2023-10-30 04:40:54,371 - Consumed Item 9, Buffer: ['Item 7', 'Item 8']
2023-10-30 04:40:54,404 - Consumed Item 7, Buffer: ['Item 8']
2023-10-30 04:40:54,606 - Produced Item 9, Buffer: ['Item 8', 'Item 9']
2023-10-30 04:40:54,615 - Consumed Item 8, Buffer: ['Item 9']
2023-10-30 04:40:54,793 - Consumed Item 9, Buffer: []
